<?xml version="1.0" encoding="UTF-8"?>
<!-- Generated by org.testng.reporters.JUnitReportReporter -->
<testsuite hostname="LW-TAMAR" failures="0" tests="4" name="test.ThreadTest1" time="0.015" errors="0" timestamp="01 Feb 2018 14:44:02 GMT" skipped="0">
  <testcase classname="test.ThreadTest1" name="test4" time="0.000"/>
  <testcase classname="test.ThreadTest1" name="test2" time="0.000"/>
  <testcase classname="test.ThreadTest1" name="test3" time="0.015"/>
  <testcase classname="test.ThreadTest1" name="test1" time="0.000"/>
</testsuite> <!-- test.ThreadTest1 -->
