<?xml version="1.0" encoding="UTF-8"?>
<!-- Generated by org.testng.reporters.JUnitReportReporter -->
<testsuite hostname="LW-NIRUSH" failures="0" tests="1" name="test.AssetCreation" time="22.336" errors="0" timestamp="06 Feb 2018 13:33:25 GMT" skipped="0">
  <testcase classname="test.AssetCreation" name="assetCreation" time="22.336"/>
</testsuite> <!-- test.AssetCreation -->
