<?xml version="1.0" encoding="UTF-8"?>
<!-- Generated by org.testng.reporters.JUnitReportReporter -->
<testsuite hostname="LW-NIRUSH" failures="0" tests="1" name="test.LeaseCreation" time="93.893" errors="0" timestamp="07 Feb 2018 13:16:50 GMT" skipped="0">
  <testcase classname="test.LeaseCreation" name="createLease" time="93.893"/>
</testsuite> <!-- test.LeaseCreation -->
