<?xml version="1.0" encoding="UTF-8"?>
<!-- Generated by org.testng.reporters.JUnitReportReporter -->
<testsuite hostname="LW-NIRUSH" failures="0" tests="2" name="scenarios.LeaseTest" time="160.089" errors="0" timestamp="08 Feb 2018 14:33:16 GMT" skipped="0">
  <testcase classname="scenarios.LeaseTest" name="OperatingLease_A2_BI1_IDC1_Test" time="80.370"/>
  <testcase classname="scenarios.LeaseTest" name="OperatingLease_A2_BI1_IDC1_Test" time="79.719"/>
</testsuite> <!-- scenarios.LeaseTest -->
