<?xml version="1.0" encoding="UTF-8"?>
<!-- Generated by org.testng.reporters.JUnitReportReporter -->
<testsuite skipped="0" hostname="LW-TAMAR" name="test.AssetCreation" tests="1" failures="0" timestamp="23 Jan 2018 14:18:47 GMT" time="45.589" errors="0">
  <testcase name="assetCreation" time="45.589" classname="test.AssetCreation"/>
</testsuite> <!-- test.AssetCreation -->
