<?xml version="1.0" encoding="UTF-8"?>
<!-- Generated by org.testng.reporters.JUnitReportReporter -->
<testsuite hostname="LW-NIRUSH" failures="0" tests="2" name="test.FinalTest" time="0.011" errors="0" timestamp="14 Feb 2018 10:55:07 GMT" skipped="0">
  <testcase classname="test.FinalTest" name="FinalTest1" time="0.006"/>
  <testcase classname="test.FinalTest" name="FinalTest1" time="0.005"/>
</testsuite> <!-- test.FinalTest -->
