<?xml version="1.0" encoding="UTF-8"?>
<!-- Generated by org.testng.reporters.JUnitReportReporter -->
<testsuite hostname="LW-NIRUSH" failures="0" tests="2" name="test.HashMapTest" time="0.007" errors="0" timestamp="22 Feb 2018 13:52:41 GMT" skipped="0">
  <testcase classname="test.HashMapTest" name="FinalTest1" time="0.001"/>
  <testcase classname="test.HashMapTest" name="FinalTest1" time="0.006"/>
</testsuite> <!-- test.HashMapTest -->
